<?xml version="1.0" encoding="UTF-8"?>
<!-- Generated by org.testng.reporters.JUnitReportReporter -->
<testsuite skipped="0" hostname="DESKTOP-LSKACAV" name="com.orangehrmlive.demo.testsuite.LoginPageTest" tests="1" failures="0" timestamp="2022-12-13T20:13:02 GMT" time="11.672" errors="0">
  <testcase name="userShouldNavigateToForgotPasswordPageSuccessfully" time="11.672" classname="com.orangehrmlive.demo.testsuite.LoginPageTest"/>
  <system-out>
    <![CDATA[clickOnForgotPasswordButton[[ChromeDriver: chrome on WINDOWS (b52a7668a3ad09e418f122412c68097e)] -> xpath: //p[text()='Forgot your password? ']]
getVerifyText[[ChromeDriver: chrome on WINDOWS (b52a7668a3ad09e418f122412c68097e)] -> xpath: //h6[contains(@class,'oxd-text oxd-text--h6')]]
Click to see screenshot
<a target = "_blank" href=C:\Users\USER\IdeaProjects\testng-week15-orangehrmlive-naresh/test-output/html/userShouldNavigateToForgotPasswordPageSuccessfullyTue_Dec_13_20_12_59_GMT_2022.jpg>Screenshot</a>
<br>
<br>
<a target = "_blank" href=C:\Users\USER\IdeaProjects\testng-week15-orangehrmlive-naresh/test-output/html/userShouldNavigateToForgotPasswordPageSuccessfullyTue_Dec_13_20_12_59_GMT_2022.jpg><img src=C:\Users\USER\IdeaProjects\testng-week15-orangehrmlive-naresh/test-output/html/userShouldNavigateToForgotPasswordPageSuccessfullyTue_Dec_13_20_12_59_GMT_2022.jpg height=200 width=200></img></a>]]>
  </system-out>
</testsuite> <!-- com.orangehrmlive.demo.testsuite.LoginPageTest -->
